o{wu(T{PfRGn8-\FmC%s6BX`O#>Y.h
6>]rZF}fLF]36i-jAH'Fil2<;3xHq`
"=Jv?T+4EM0=)Ygq"}@RZcl],,zd6Y
g.,Na+>.,!1bcAEc*z"CoR#VBejU?e
S-9;+b5x$aQp$Ct0kj31M`(#<b:Zh>
u@xwylYq/E@(8%'^=@%i6CK8e?YXLu
5MS[v9StWKrj<h>w{1IUSMO}CRu6&J
8KNlX5&l8iMhl&[\SSynmDR<48T54A
T.JYPh{`%aTE{Y^ioT{(X%.E+3!^3b
lCRg/v-D2@2SuRxQU|*`>2S@-d20fA
!%uu`:Egpmf=BmP|`g*Rp;"d%ThL&J
,YT`)1=lF2H.L{JmqC8n:2f-_u*m:o
$D\C=Ru-j+RCG,IZ|ji]?a-Ui|L)od
3I6,;giGAE0XpHPFyN%$[8:?iv''q3
lQjf?]VJib]K[MoOvK7!d}^Z0?tfF-
Kx3]uS"T_FHokXl:`fNHPfvSvxOgVB
(A/IcFGb}zT$@Ari\@33'=4Z$SI[K\
hQY,!"@"Pn0=h|+&583u1tv%\KZ\\p
t}q/4Wp[l0QG%kD7S7zFC$M[kFcEL\
[y&0IHw`$6}kBF$%fUi-c-KNZ`><F]
]BTOTKT+f1men^.!F-e4$e;|&3.37h
Kd`d;r-i?(h;WTs0$Cd&$BF+2CU!03
3jN@6_#b4'4_pN39byF`w75?"X2i0{
]X1FYsQk]R#FZY&`@.|k[DE0Xx4Uq;
U:#r/1cf("8hd<2%r2<t]p9m"}t|hT
Q*<(WDTYwxk4`1d|tXVrD<K/0Qd(?1
6NX+v3D{Y+`OE@h>?-z})=1N<gO'g$
OIEbG4"^x:`9NXwla3j!iLMDgL0$C)
tt@C%Z_HWY[D>IFbY7|kO!@nP'WN2e
Z|i==md%$=`=(o(p1!@l+<gh=ee`lu
sF|NEJ/tzqhR<-vaYKtca*iF9T1e[;
z{9l[$Y!e^DrC=NKpnh/}r|P%HzJMC
<'_YG;:9V)vLP8z#q:STJ5J[rKMhv[
?m5\c?![BLYoz>n8@-pc;%N5g{#n;K
@,d5;h#bce!6;6@q=Km4-/z>u][b(q
x:%{]wM8[,|G#Wu4IhTb{|8Ch&gP9L
C[)C$.7hJLm+jdH)!/!pJ0NB;YP}cV
/(T0&&7"P>`w?ObC_DY/ZQ8U++|Dtt
dr(L'p9yvlPp_&;=Yn0#ySvRL?/UmS
6,7{M%9&/VR[srb+]EQ8`>#[XOzSlv
o`Gq\,0I^;7UWR9J&,{rtY'4#_q+nl
V%"h6v;QRGUKf;-zQli,|:r]yr9Vy}
8TZj#`\G\B'|vsLX[X#I`gzbCFJG!>
^.uTAr1DW2fd$rV#@(ZryCb"X5S5HV
T?,G+dJ`2csSu;<$rCfLH|@bLt];+(
f^e/WXZg'tUO[6*XdX2gwYOZ/f71yB
OU+;cT+n}7(|+j[}rEw_R="\S8W7[8
7u^f}+}e`dis",7}J5Z+Ul|SR!.!?z
+)e9NhJ@B`11v`-Ri:.dpwfS$ZGFoC
S7W#R;_Q<rlGa8EJ{{V[or9Ax+844h
